时间:2018-06-01 17:10:11,601 
级别:ERROR 
类名:CommonFrame.Web.Aop_PostSharp
文件:D:\projects\NET\WEB\CommonFrame\CommonFrame.Web\PostSharp\Aop_PostSharp.cs 第116行
错误日志:!!! Exception [1538352116] HomeController/Index 输入字符串的格式不正确。
-----------------------------------------

时间:2018-06-01 17:11:01,222 
级别:ERROR 
类名:CommonFrame.Web.Aop_PostSharp
文件:D:\projects\NET\WEB\CommonFrame\CommonFrame.Web\PostSharp\Aop_PostSharp.cs 第116行
错误日志:!!! Exception [1538352116] HomeController/Index 输入字符串的格式不正确。
-----------------------------------------

时间:2018-06-01 17:12:51,215 
级别:ERROR 
类名:CommonFrame.Web.Aop_PostSharp
文件:D:\projects\NET\WEB\CommonFrame\CommonFrame.Web\PostSharp\Aop_PostSharp.cs 第116行
错误日志:!!! Exception [1538352116] HomeController/Index System.FormatException: 输入字符串的格式不正确。
   在 System.Number.StringToNumber(String str, NumberStyles options, NumberBuffer& number, NumberFormatInfo info, Boolean parseDecimal)
   在 System.Number.ParseInt32(String s, NumberStyles style, NumberFormatInfo info)
   在 System.Convert.ToInt32(String value)
   在 CommonFrame.Web.Controllers.HomeController.Index() 位置 D:\projects\NET\WEB\CommonFrame\CommonFrame.Web\Controllers\HomeController.cs:行号 29
-----------------------------------------

时间:2018-06-01 17:20:13,906 
级别:ERROR 
类名:CommonFrame.Web.Aop_PostSharp
文件:D:\projects\NET\WEB\CommonFrame\CommonFrame.Web\PostSharp\Aop_PostSharp.cs 第117行
错误日志:!!! Exception [1538352116] HomeController/Index System.FormatException: 输入字符串的格式不正确。
   在 System.Number.StringToNumber(String str, NumberStyles options, NumberBuffer& number, NumberFormatInfo info, Boolean parseDecimal)
   在 System.Number.ParseInt32(String s, NumberStyles style, NumberFormatInfo info)
   在 System.Convert.ToInt32(String value)
   在 CommonFrame.Web.Controllers.HomeController.Index() 位置 D:\projects\NET\WEB\CommonFrame\CommonFrame.Web\Controllers\HomeController.cs:行号 28
-----------------------------------------

时间:2018-06-01 17:23:25,114 
级别:ERROR 
类名:CommonFrame.Web.Aop_PostSharp
文件:D:\projects\NET\WEB\CommonFrame\CommonFrame.Web\PostSharp\Aop_PostSharp.cs 第82行
错误日志:!!! Exception [-1969324298] 【类名：HomeController/方法名：Index】 System.FormatException: 输入字符串的格式不正确。
   在 System.Number.StringToNumber(String str, NumberStyles options, NumberBuffer& number, NumberFormatInfo info, Boolean parseDecimal)
   在 System.Number.ParseInt32(String s, NumberStyles style, NumberFormatInfo info)
   在 System.Convert.ToInt32(String value)
   在 CommonFrame.Web.Controllers.HomeController.Index() 位置 D:\projects\NET\WEB\CommonFrame\CommonFrame.Web\Controllers\HomeController.cs:行号 28
-----------------------------------------

时间:2018-06-01 17:31:47,648 
级别:ERROR 
类名:CommonFrame.Web.Aop_PostSharp
文件:D:\projects\NET\WEB\CommonFrame\CommonFrame.Web\PostSharp\Aop_PostSharp.cs 第82行
错误日志:!!! Exception [-1969324298] 【类名：HomeController/方法名：Index】 System.FormatException: 输入字符串的格式不正确。
   在 System.Number.StringToNumber(String str, NumberStyles options, NumberBuffer& number, NumberFormatInfo info, Boolean parseDecimal)
   在 System.Number.ParseInt32(String s, NumberStyles style, NumberFormatInfo info)
   在 System.Convert.ToInt32(String value)
   在 CommonFrame.Web.Controllers.HomeController.Index() 位置 D:\projects\NET\WEB\CommonFrame\CommonFrame.Web\Controllers\HomeController.cs:行号 28
-----------------------------------------

时间:2018-06-01 17:33:53,198 
级别:ERROR 
类名:CommonFrame.Web.Aop_PostSharp
文件:D:\projects\NET\WEB\CommonFrame\CommonFrame.Web\PostSharp\Aop_PostSharp.cs 第82行
错误日志:!!! Exception [-1969324298] 【类名：HomeController/方法名：Index】 System.FormatException: 输入字符串的格式不正确。
   在 System.Number.StringToNumber(String str, NumberStyles options, NumberBuffer& number, NumberFormatInfo info, Boolean parseDecimal)
   在 System.Number.ParseInt32(String s, NumberStyles style, NumberFormatInfo info)
   在 System.Convert.ToInt32(String value)
   在 CommonFrame.Web.Controllers.HomeController.Index() 位置 D:\projects\NET\WEB\CommonFrame\CommonFrame.Web\Controllers\HomeController.cs:行号 28
-----------------------------------------

